2019-07-15 14:44:01 INFO  Log:28 - test case started
2019-07-15 14:44:01 INFO  Log:28 - Launched Chrome Browser
2019-07-15 14:44:01 INFO  Log:28 - test case started
2019-07-15 14:44:01 INFO  Log:28 - Launched Chrome Browser
2019-07-15 14:44:06 INFO  Log:28 - TC_001_updatingGeneralInformation test case started
2019-07-15 14:44:06 INFO  Log:28 - OrangeHrm application is opened
2019-07-15 14:44:06 INFO  Log:28 - The URL of Orange HRM is loaded
2019-07-15 14:44:06 INFO  Log:28 - tc_001_validateSearch_ValidEmpName test case started
2019-07-15 14:44:06 INFO  Log:28 - Test case: tc_001_validateSearch_ValidEmpNameis started
2019-07-15 14:44:06 INFO  Log:28 - OrangeHrm application is opened
2019-07-15 14:44:06 INFO  Log:28 - The URL of Orange HRM is loaded
2019-07-15 14:44:09 INFO  Log:28 - Login Page of Orange HRM is displayed
2019-07-15 14:44:09 INFO  Log:28 - Enter username:Admin
2019-07-15 14:44:09 INFO  Log:28 - Enter password:admin123
2019-07-15 14:44:09 INFO  Log:28 - Login credentails are provided
2019-07-15 14:44:09 INFO  Log:28 - Login button is clicked
2019-07-15 14:44:09 INFO  Log:28 - Login Page of Orange HRM is displayed
2019-07-15 14:44:09 INFO  Log:28 - Enter username:Admin
2019-07-15 14:44:10 INFO  Log:28 - Enter password:admin123
2019-07-15 14:44:10 INFO  Log:28 - Login credentails are provided
2019-07-15 14:44:10 INFO  Log:28 - Login button is clicked
2019-07-15 14:44:11 INFO  Log:28 - Home Page of Orange HRM is displayed
2019-07-15 14:44:11 INFO  Log:28 - The module Admin is found
2019-07-15 14:44:11 INFO  Log:28 - The sub-module Organization is found
2019-07-15 14:44:11 INFO  Log:28 - Home Page of Orange HRM is displayed
2019-07-15 14:44:11 INFO  Log:28 - The module PIM is found
2019-07-15 14:44:11 INFO  Log:28 - The sub-module Employee List is clicked
2019-07-15 14:44:12 INFO  Log:28 - The section General Information is clicked
2019-07-15 14:44:13 INFO  Log:28 - General Information Page of Admin module of Orange HRM is displayed.
2019-07-15 14:44:13 INFO  Log:28 - Edit button is clicked.
2019-07-15 14:44:13 INFO  Log:28 - Edit Button is clicked
2019-07-15 14:44:13 INFO  Log:28 - Registration Number is updated with 147895632.
2019-07-15 14:44:14 INFO  Log:28 - Save button is clicked.
2019-07-15 14:44:14 INFO  Log:28 - Employee List Module is opened
2019-07-15 14:44:14 INFO  Log:28 - Employee List Page of PIM module of Orange HRM is displayed.
2019-07-15 14:44:14 INFO  Log:28 - empname is provided
2019-07-15 14:44:14 INFO  Log:28 - Search button is clicked.
2019-07-15 14:44:14 INFO  Log:28 - Search Button is clicked
2019-07-15 14:44:15 INFO  Log:28 - Save Button is clicked
2019-07-15 14:44:15 INFO  Log:28 - General Information Updated Successfully.
2019-07-15 14:44:15 INFO  Log:28 - The name of the testcase passed is :TC_001_updatingGeneralInformation
2019-07-15 14:44:15 INFO  Log:28 - Closed the Browser
2019-07-15 14:44:15 INFO  Log:28 - test case ended
2019-07-15 14:44:15 INFO  Log:28 - test case started
2019-07-15 14:44:15 INFO  Log:28 - Launched Chrome Browser
2019-07-15 14:44:16 INFO  Log:28 - validation is done
2019-07-15 14:44:16 INFO  Log:28 - Test case: tc_001_validateSearch_ValidEmpNameis completed
2019-07-15 14:44:16 INFO  Log:28 - The name of the testcase passed is :tc_001_validateSearch_ValidEmpName
2019-07-15 14:44:16 INFO  Log:28 - Closed the Browser
2019-07-15 14:44:16 INFO  Log:28 - test case ended
2019-07-15 14:44:16 INFO  Log:28 - test case started
2019-07-15 14:44:16 INFO  Log:28 - Launched Chrome Browser
2019-07-15 14:44:19 INFO  Log:28 - TC_002_validateCountOfEmployees test case started
2019-07-15 14:44:19 INFO  Log:28 - OrangeHrm application is opened
2019-07-15 14:44:19 INFO  Log:28 - The URL of Orange HRM is loaded
2019-07-15 14:44:19 INFO  Log:28 - tc_002_validateSearch_InvalidEmpName test case started
2019-07-15 14:44:19 INFO  Log:28 - Test case:tc_002_validateSearch_InvalidEmpNameis started
2019-07-15 14:44:19 INFO  Log:28 - OrangeHrm application is opened
2019-07-15 14:44:19 INFO  Log:28 - The URL of Orange HRM is loaded
