2019-07-15 10:34:28 INFO  Log:26 - test case started
2019-07-15 10:34:31 INFO  Log:26 - browser is launched
2019-07-15 10:34:32 INFO  Log:26 - Test case: tc_001_validateSearch_ValidEmpNameis started
2019-07-15 10:34:32 INFO  Log:26 - OrangeHrm application is opened
2019-07-15 10:34:36 INFO  Log:26 - Login credentails are provided
2019-07-15 10:34:38 INFO  Log:26 - Login button was clicked
2019-07-15 10:34:38 INFO  Log:26 - Login is successful
2019-07-15 10:34:40 INFO  Log:26 - Employee List Module is opened
2019-07-15 10:34:40 INFO  Log:26 - empname is provided
2019-07-15 10:34:41 INFO  Log:26 - Search Button is clicked
2019-07-15 10:34:42 INFO  Log:26 - validation is done
2019-07-15 10:34:42 INFO  Log:26 - Test case: tc_001_validateSearch_ValidEmpNameis completed
2019-07-15 10:34:42 INFO  Log:26 - browser is closed
2019-07-15 10:34:42 INFO  Log:26 - test case ended
2019-07-15 10:34:42 INFO  Log:26 - test case started
2019-07-15 10:34:46 INFO  Log:26 - browser is launched
2019-07-15 10:34:47 INFO  Log:26 - Test case:tc_002_validateSearch_InvalidEmpNameis started
2019-07-15 10:34:47 INFO  Log:26 - OrangeHrm application is opened
2019-07-15 10:34:51 INFO  Log:26 - Login credentails are provided
2019-07-15 10:34:52 INFO  Log:26 - Login button was clicked
2019-07-15 10:34:52 INFO  Log:26 - Login is successful
2019-07-15 10:34:55 INFO  Log:26 - Employee List Module is opened
2019-07-15 10:34:55 INFO  Log:26 - empname is provided
2019-07-15 10:34:56 INFO  Log:26 - Search Button is clicked
2019-07-15 10:34:56 INFO  Log:26 - validation is done
2019-07-15 10:34:56 INFO  Log:26 - Test case: tc_002_validateSearch_InvalidEmpNameis completed
2019-07-15 10:34:56 INFO  Log:26 - browser is closed
2019-07-15 10:34:56 INFO  Log:26 - test case ended
2019-07-15 10:34:56 INFO  Log:26 - test case started
2019-07-15 10:34:58 INFO  Log:26 - browser is launched
2019-07-15 10:34:59 INFO  Log:26 - Test case:tc_003_validateSearch_ValidEmpIdis started
2019-07-15 10:34:59 INFO  Log:26 - OrangeHrm application is opened
2019-07-15 10:35:04 INFO  Log:26 - Login credentails are provided
2019-07-15 10:35:06 INFO  Log:26 - Login button was clicked
2019-07-15 10:35:06 INFO  Log:26 - Login is successful
2019-07-15 10:35:08 INFO  Log:26 - Employee List Module is opened
2019-07-15 10:35:08 INFO  Log:26 - empid  is provided
2019-07-15 10:35:09 INFO  Log:26 - Search Button is clicked
2019-07-15 10:35:10 INFO  Log:26 - validation is done
2019-07-15 10:35:10 INFO  Log:26 - Test case: tc_003_validateSearch_ValidEmpIdis completed
2019-07-15 10:35:10 INFO  Log:26 - browser is closed
2019-07-15 10:35:10 INFO  Log:26 - test case ended
2019-07-15 10:35:10 INFO  Log:26 - test case started
2019-07-15 10:35:13 INFO  Log:26 - browser is launched
2019-07-15 10:35:14 INFO  Log:26 - Test case:tc_004_validateSearch_InvalidEmpIdis started
2019-07-15 10:35:14 INFO  Log:26 - OrangeHrm application is opened
2019-07-15 10:35:18 INFO  Log:26 - Login credentails are provided
2019-07-15 10:35:19 INFO  Log:26 - Login button was clicked
2019-07-15 10:35:19 INFO  Log:26 - Login is successful
2019-07-15 10:35:22 INFO  Log:26 - Employee List Module is opened
2019-07-15 10:35:22 INFO  Log:26 - empid  is provided
2019-07-15 10:35:23 INFO  Log:26 - Search Button is clicked
2019-07-15 10:35:23 INFO  Log:26 - validation is done
2019-07-15 10:35:23 INFO  Log:26 - Test case: tc_004_validateSearch_InvalidEmpIdis completed
2019-07-15 10:35:23 INFO  Log:26 - browser is closed
2019-07-15 10:35:23 INFO  Log:26 - test case ended
2019-07-15 10:35:23 INFO  Log:26 - test case started
2019-07-15 10:35:25 INFO  Log:26 - browser is launched
2019-07-15 10:35:26 INFO  Log:26 - Test case:tc_005_validateSearch_EmpStatusis started
2019-07-15 10:35:26 INFO  Log:26 - OrangeHrm application is opened
2019-07-15 10:35:31 INFO  Log:26 - Login credentails are provided
2019-07-15 10:35:32 INFO  Log:26 - Login button was clicked
2019-07-15 10:35:32 INFO  Log:26 - Login is successful
2019-07-15 10:35:35 INFO  Log:26 - Employee List Module is opened
2019-07-15 10:35:35 INFO  Log:26 - emp status is selected
2019-07-15 10:35:35 INFO  Log:26 - Search Button is clicked
2019-07-15 10:35:37 INFO  Log:26 - validation is done
2019-07-15 10:35:37 INFO  Log:26 - Test case: tc_005_validateSearch_EmpStatusis completed
2019-07-15 10:35:37 INFO  Log:26 - browser is closed
2019-07-15 10:35:37 INFO  Log:26 - test case ended
2019-07-15 10:35:37 INFO  Log:26 - test case started
2019-07-15 10:35:39 INFO  Log:26 - browser is launched
2019-07-15 10:35:40 INFO  Log:26 - Test case:tc_006_validateSearch_EmpJobTitleis started
2019-07-15 10:35:40 INFO  Log:26 - OrangeHrm application is opened
2019-07-15 10:35:45 INFO  Log:26 - Login credentails are provided
2019-07-15 10:35:46 INFO  Log:26 - Login button was clicked
2019-07-15 10:35:46 INFO  Log:26 - Login is successful
2019-07-15 10:35:49 INFO  Log:26 - Employee List Module is opened
2019-07-15 10:35:49 INFO  Log:26 - jobtitile is selected
2019-07-15 10:35:49 INFO  Log:26 - Search Button is clicked
2019-07-15 10:35:51 INFO  Log:26 - validation is done
2019-07-15 10:35:51 INFO  Log:26 - Test case: tc_006_validateSearch_EmpJobTitleis completed
2019-07-15 10:35:51 INFO  Log:26 - browser is closed
2019-07-15 10:35:51 INFO  Log:26 - test case ended
2019-07-15 10:35:51 INFO  Log:26 - test case started
2019-07-15 10:35:53 INFO  Log:26 - browser is launched
2019-07-15 10:35:54 INFO  Log:26 - Test case:tc_007_validateSearch_EmpSubUnitis started
2019-07-15 10:35:54 INFO  Log:26 - OrangeHrm application is opened
2019-07-15 10:35:58 INFO  Log:26 - Login credentails are provided
2019-07-15 10:36:00 INFO  Log:26 - Login button was clicked
2019-07-15 10:36:00 INFO  Log:26 - Login is successful
2019-07-15 10:36:03 INFO  Log:26 - Employee List Module is opened
2019-07-15 10:36:03 INFO  Log:26 - subunit is selected
2019-07-15 10:36:03 INFO  Log:26 - Search Button is clicked
2019-07-15 10:36:04 INFO  Log:26 - validation is done
2019-07-15 10:36:04 INFO  Log:26 - Test case: tc_007_validateSearch_EmpSubUnitis completed
2019-07-15 10:36:04 INFO  Log:26 - browser is closed
2019-07-15 10:36:04 INFO  Log:26 - test case ended
2019-07-15 10:36:04 INFO  Log:26 - test case started
2019-07-15 10:36:07 INFO  Log:26 - browser is launched
2019-07-15 10:36:08 INFO  Log:26 - Test case:tc_008_validateSearch_ValidEmpName_ValidEmpIdis started
2019-07-15 10:36:08 INFO  Log:26 - OrangeHrm application is opened
2019-07-15 10:36:12 INFO  Log:26 - Login credentails are provided
2019-07-15 10:36:14 INFO  Log:26 - Login button was clicked
2019-07-15 10:36:14 INFO  Log:26 - Login is successful
2019-07-15 10:36:16 INFO  Log:26 - Employee List Module is opened
2019-07-15 10:36:17 INFO  Log:26 - empname is provided
2019-07-15 10:36:17 INFO  Log:26 - empid  is provided
2019-07-15 10:36:17 INFO  Log:26 - Search Button is clicked
2019-07-15 10:36:18 INFO  Log:26 - validation is done
2019-07-15 10:36:18 INFO  Log:26 - Test case: tc_008_validateSearch_ValidEmpName_ValidEmpIdis completed
2019-07-15 10:36:18 INFO  Log:26 - browser is closed
2019-07-15 10:36:18 INFO  Log:26 - test case ended
2019-07-15 10:36:19 INFO  Log:26 - test case started
2019-07-15 10:36:21 INFO  Log:26 - browser is launched
2019-07-15 10:36:22 INFO  Log:26 - Test case:tc_009_validateSearch_ValidEmpName_InvalidEmpIdis started
2019-07-15 10:36:22 INFO  Log:26 - OrangeHrm application is opened
2019-07-15 10:36:26 INFO  Log:26 - Login credentails are provided
2019-07-15 10:36:28 INFO  Log:26 - Login button was clicked
2019-07-15 10:36:28 INFO  Log:26 - Login is successful
2019-07-15 10:36:30 INFO  Log:26 - Employee List Module is opened
2019-07-15 10:36:31 INFO  Log:26 - empname is provided
2019-07-15 10:36:31 INFO  Log:26 - empid  is provided
2019-07-15 10:36:31 INFO  Log:26 - Search Button is clicked
2019-07-15 10:36:31 INFO  Log:26 - validation is done
2019-07-15 10:36:31 INFO  Log:26 - Test case: tc_009_validateSearch_ValidEmpName_InvalidEmpIdis completed
2019-07-15 10:36:31 INFO  Log:26 - browser is closed
2019-07-15 10:36:31 INFO  Log:26 - test case ended
2019-07-15 10:36:31 INFO  Log:26 - test case started
2019-07-15 10:36:34 INFO  Log:26 - browser is launched
2019-07-15 10:36:35 INFO  Log:26 - Test case:tc_010_validateSearch_InvalidEmpName_ValidEmpIdis started
2019-07-15 10:36:35 INFO  Log:26 - OrangeHrm application is opened
2019-07-15 10:36:39 INFO  Log:26 - Login credentails are provided
2019-07-15 10:36:41 INFO  Log:26 - Login button was clicked
2019-07-15 10:36:41 INFO  Log:26 - Login is successful
2019-07-15 10:36:43 INFO  Log:26 - Employee List Module is opened
2019-07-15 10:36:44 INFO  Log:26 - empname is provided
2019-07-15 10:36:44 INFO  Log:26 - empid  is provided
2019-07-15 10:36:44 INFO  Log:26 - Search Button is clicked
2019-07-15 10:36:44 INFO  Log:26 - validation is done
2019-07-15 10:36:44 INFO  Log:26 - Test case: tc_010_validateSearch_InvalidEmpName_ValidEmpIdis completed
2019-07-15 10:36:44 INFO  Log:26 - browser is closed
2019-07-15 10:36:44 INFO  Log:26 - test case ended
2019-07-15 10:36:44 INFO  Log:26 - test case started
2019-07-15 10:36:47 INFO  Log:26 - browser is launched
2019-07-15 10:36:48 INFO  Log:26 - Test case:tc_011_validateSearch_InvalidEmpName_InValidEmpIdis started
2019-07-15 10:36:48 INFO  Log:26 - OrangeHrm application is opened
2019-07-15 10:36:52 INFO  Log:26 - Login credentails are provided
2019-07-15 10:36:54 INFO  Log:26 - Login button was clicked
2019-07-15 10:36:54 INFO  Log:26 - Login is successful
2019-07-15 10:36:57 INFO  Log:26 - Employee List Module is opened
2019-07-15 10:36:57 INFO  Log:26 - empname is provided
2019-07-15 10:36:57 INFO  Log:26 - empid  is provided
2019-07-15 10:36:57 INFO  Log:26 - Search Button is clicked
2019-07-15 10:36:57 INFO  Log:26 - validation is done
2019-07-15 10:36:57 INFO  Log:26 - Test case: tc_011_validateSearch_InvalidEmpName_InValidEmpIdis completed
2019-07-15 10:36:57 INFO  Log:26 - browser is closed
2019-07-15 10:36:57 INFO  Log:26 - test case ended
2019-07-15 10:36:58 INFO  Log:26 - test case started
2019-07-15 10:37:00 INFO  Log:26 - browser is launched
2019-07-15 10:37:01 INFO  Log:26 - Test case:tc_012_validateSearch_ValidSupervisorNameis started
2019-07-15 10:37:01 INFO  Log:26 - OrangeHrm application is opened
2019-07-15 10:37:05 INFO  Log:26 - Login credentails are provided
2019-07-15 10:37:07 INFO  Log:26 - Login button was clicked
2019-07-15 10:37:07 INFO  Log:26 - Login is successful
2019-07-15 10:37:09 INFO  Log:26 - Employee List Module is opened
2019-07-15 10:37:09 INFO  Log:26 - supervisor name is provided
2019-07-15 10:37:10 INFO  Log:26 - Search Button is clicked
2019-07-15 10:37:11 INFO  Log:26 - validation is done
2019-07-15 10:37:11 INFO  Log:26 - Test case: tc_012_validateSearch_ValidSupervisorNameis completed
2019-07-15 10:37:11 INFO  Log:26 - browser is closed
2019-07-15 10:37:11 INFO  Log:26 - test case ended
2019-07-15 10:37:11 INFO  Log:26 - test case started
2019-07-15 10:37:13 INFO  Log:26 - browser is launched
2019-07-15 10:37:15 INFO  Log:26 - Test case:tc_013_validateSearch_InvalidSupervisorNameis started
2019-07-15 10:37:15 INFO  Log:26 - OrangeHrm application is opened
2019-07-15 10:37:19 INFO  Log:26 - Login credentails are provided
2019-07-15 10:37:21 INFO  Log:26 - Login button was clicked
2019-07-15 10:37:21 INFO  Log:26 - Login is successful
2019-07-15 10:37:23 INFO  Log:26 - Employee List Module is opened
2019-07-15 10:37:23 INFO  Log:26 - supervisor name is provided
2019-07-15 10:37:24 INFO  Log:26 - Search Button is clicked
2019-07-15 10:37:24 INFO  Log:26 - validation is done
2019-07-15 10:37:24 INFO  Log:26 - Test case: tc_013_validateSearch_InvalidSupervisorNameis completed
2019-07-15 10:37:24 INFO  Log:26 - browser is closed
2019-07-15 10:37:24 INFO  Log:26 - test case ended
2019-07-15 10:37:24 INFO  Log:26 - test case started
2019-07-15 10:37:26 INFO  Log:26 - browser is launched
2019-07-15 10:37:27 INFO  Log:26 - Test case:tc_014_validateSearch_ValidEmpName_ValidEmpId_InvalidSupervisorNameis started
2019-07-15 10:37:27 INFO  Log:26 - OrangeHrm application is opened
2019-07-15 10:37:32 INFO  Log:26 - Login credentails are provided
2019-07-15 10:37:33 INFO  Log:26 - Login button was clicked
2019-07-15 10:37:33 INFO  Log:26 - Login is successful
2019-07-15 10:37:36 INFO  Log:26 - Employee List Module is opened
2019-07-15 10:37:36 INFO  Log:26 - empname is provided
2019-07-15 10:37:36 INFO  Log:26 - empid  is provided
2019-07-15 10:37:36 INFO  Log:26 - supervisor name is provided
2019-07-15 10:37:37 INFO  Log:26 - Search Button is clicked
2019-07-15 10:37:37 INFO  Log:26 - validation is done
2019-07-15 10:37:37 INFO  Log:26 - Test case: tc_014_validateSearch_ValidEmpName_ValidEmpId_InvalidSupervisorNameis completed
2019-07-15 10:37:37 INFO  Log:26 - browser is closed
2019-07-15 10:37:37 INFO  Log:26 - test case ended
2019-07-15 10:37:37 INFO  Log:26 - test case started
2019-07-15 10:37:39 INFO  Log:26 - browser is launched
2019-07-15 10:37:41 INFO  Log:26 - tc_015_validateSearch_ValidEmpName_ValidEmpId_ValidSupervisorNameis started
2019-07-15 10:37:41 INFO  Log:26 - OrangeHrm application is opened
2019-07-15 10:37:45 INFO  Log:26 - Login credentails are provided
2019-07-15 10:37:46 INFO  Log:26 - Login button was clicked
2019-07-15 10:37:46 INFO  Log:26 - Login is successful
2019-07-15 10:37:49 INFO  Log:26 - Employee List Module is opened
2019-07-15 10:37:49 INFO  Log:26 - empname is provided
2019-07-15 10:37:49 INFO  Log:26 - empid  is provided
2019-07-15 10:37:49 INFO  Log:26 - supervisor name is provided
2019-07-15 10:37:50 INFO  Log:26 - Search Button is clicked
2019-07-15 10:37:51 INFO  Log:26 - validation is done
2019-07-15 10:37:51 INFO  Log:26 - Test case: tc_015_validateSearch_ValidEmpName_ValidEmpId_ValidSupervisorNameis completed
2019-07-15 10:37:51 INFO  Log:26 - browser is closed
2019-07-15 10:37:51 INFO  Log:26 - test case ended
2019-07-15 10:37:51 INFO  Log:26 - test case started
2019-07-15 10:37:53 INFO  Log:26 - browser is launched
2019-07-15 10:37:54 INFO  Log:26 - tc_016_validateSearch_InvalidEmpName_ValidEmpId_ValidSupervisorNameis started
2019-07-15 10:37:54 INFO  Log:26 - OrangeHrm application is opened
2019-07-15 10:37:59 INFO  Log:26 - Login credentails are provided
2019-07-15 10:38:00 INFO  Log:26 - Login button was clicked
2019-07-15 10:38:00 INFO  Log:26 - Login is successful
2019-07-15 10:38:03 INFO  Log:26 - Employee List Module is opened
2019-07-15 10:38:03 INFO  Log:26 - empname is provided
2019-07-15 10:38:03 INFO  Log:26 - empid  is provided
2019-07-15 10:38:03 INFO  Log:26 - supervisor name is provided
2019-07-15 10:38:04 INFO  Log:26 - Search Button is clicked
2019-07-15 10:38:04 INFO  Log:26 - validation is done
2019-07-15 10:38:04 INFO  Log:26 - Test case: tc_016_validateSearch_InvalidEmpName_ValidEmpId_ValidSupervisorNameis completed
2019-07-15 10:38:04 INFO  Log:26 - browser is closed
2019-07-15 10:38:04 INFO  Log:26 - test case ended
2019-07-15 10:38:06 INFO  Log:26 - test case started
2019-07-15 10:38:08 INFO  Log:26 - browser is launched
2019-07-15 10:38:09 INFO  Log:26 - tc_017_ValidateSearch_InvalidEmpName_InvalidEmpId_ValidSupervisorNameis started
2019-07-15 10:38:09 INFO  Log:26 - OrangeHrm application is opened
2019-07-15 10:38:14 INFO  Log:26 - Login credentails are provided
2019-07-15 10:38:15 INFO  Log:26 - Login button was clicked
2019-07-15 10:38:15 INFO  Log:26 - Login is successful
2019-07-15 10:38:18 INFO  Log:26 - Employee List Module is opened
2019-07-15 10:38:18 INFO  Log:26 - empname is provided
2019-07-15 10:38:18 INFO  Log:26 - empid  is provided
2019-07-15 10:38:18 INFO  Log:26 - supervisor name is provided
2019-07-15 10:38:19 INFO  Log:26 - Search Button is clicked
2019-07-15 10:38:19 INFO  Log:26 - validation is done
2019-07-15 10:38:19 INFO  Log:26 - Test case: tc_017_ValidateSearch_InvalidEmpName_InvalidEmpId_ValidSupervisorNameis completed
2019-07-15 10:38:19 INFO  Log:26 - browser is closed
2019-07-15 10:38:19 INFO  Log:26 - test case ended
2019-07-15 10:38:19 INFO  Log:26 - test case started
2019-07-15 10:38:21 INFO  Log:26 - browser is launched
2019-07-15 10:38:22 INFO  Log:26 - tc_018_validateSearch_ValidEmpName_InvalidEmpId_InvalidSupervisorNameis started
2019-07-15 10:38:22 INFO  Log:26 - OrangeHrm application is opened
2019-07-15 10:38:27 INFO  Log:26 - Login credentails are provided
2019-07-15 10:38:28 INFO  Log:26 - Login button was clicked
2019-07-15 10:38:28 INFO  Log:26 - Login is successful
2019-07-15 10:38:31 INFO  Log:26 - Employee List Module is opened
2019-07-15 10:38:31 INFO  Log:26 - empname is provided
2019-07-15 10:38:31 INFO  Log:26 - empid  is provided
2019-07-15 10:38:31 INFO  Log:26 - supervisor name is provided
2019-07-15 10:38:32 INFO  Log:26 - Search Button is clicked
2019-07-15 10:38:32 INFO  Log:26 - validation is done
2019-07-15 10:38:32 INFO  Log:26 - Test case: tc_018_validateSearch_ValidEmpName_InvalidEmpId_InvalidSupervisorNameis completed
2019-07-15 10:38:32 INFO  Log:26 - browser is closed
2019-07-15 10:38:32 INFO  Log:26 - test case ended
2019-07-15 10:38:32 INFO  Log:26 - test case started
2019-07-15 10:38:34 INFO  Log:26 - browser is launched
2019-07-15 10:38:36 INFO  Log:26 - tc_019_validateSearch_InvalidEmpName_ValidEmpId_InvalidSupervisorNameis started
2019-07-15 10:38:36 INFO  Log:26 - OrangeHrm application is opened
2019-07-15 10:38:40 INFO  Log:26 - Login credentails are provided
2019-07-15 10:38:42 INFO  Log:26 - Login button was clicked
2019-07-15 10:38:42 INFO  Log:26 - Login is successful
2019-07-15 10:38:44 INFO  Log:26 - Employee List Module is opened
2019-07-15 10:38:44 INFO  Log:26 - empname is provided
2019-07-15 10:38:44 INFO  Log:26 - empid  is provided
2019-07-15 10:38:44 INFO  Log:26 - supervisor name is provided
2019-07-15 10:38:45 INFO  Log:26 - Search Button is clicked
2019-07-15 10:38:45 INFO  Log:26 - validation is done
2019-07-15 10:38:45 INFO  Log:26 - Test case: tc_019_validateSearch_InvalidEmpName_ValidEmpId_InvalidSupervisorNameis completed
2019-07-15 10:38:45 INFO  Log:26 - browser is closed
2019-07-15 10:38:45 INFO  Log:26 - test case ended
2019-07-15 10:38:45 INFO  Log:26 - test case started
2019-07-15 10:38:47 INFO  Log:26 - browser is launched
2019-07-15 10:38:49 INFO  Log:26 - tc_020_validateSearch_InvalidEmpName_InvalidEmpId_InvalidSupervisorNameis started
2019-07-15 10:38:49 INFO  Log:26 - OrangeHrm application is opened
2019-07-15 10:38:53 INFO  Log:26 - Login credentails are provided
2019-07-15 10:38:55 INFO  Log:26 - Login button was clicked
2019-07-15 10:38:55 INFO  Log:26 - Login is successful
2019-07-15 10:38:57 INFO  Log:26 - Employee List Module is opened
2019-07-15 10:38:57 INFO  Log:26 - empname is provided
2019-07-15 10:38:57 INFO  Log:26 - empid  is provided
2019-07-15 10:38:57 INFO  Log:26 - supervisor name is provided
2019-07-15 10:38:58 INFO  Log:26 - Search Button is clicked
2019-07-15 10:38:58 INFO  Log:26 - validation is done
2019-07-15 10:38:58 INFO  Log:26 - Test case: tc_020_validateSearch_InvalidEmpName_InvalidEmpId_InvalidSupervisorNameis completed
2019-07-15 10:38:58 INFO  Log:26 - browser is closed
2019-07-15 10:38:58 INFO  Log:26 - test case ended
2019-07-15 10:38:58 INFO  Log:26 - test case started
2019-07-15 10:39:01 INFO  Log:26 - browser is launched
2019-07-15 10:39:02 INFO  Log:26 - tc_021_validateSearch_ValidEmpName_InvalidEmpId_ValidSupervisorNameis started
2019-07-15 10:39:02 INFO  Log:26 - OrangeHrm application is opened
2019-07-15 10:39:06 INFO  Log:26 - Login credentails are provided
2019-07-15 10:39:07 INFO  Log:26 - Login button was clicked
2019-07-15 10:39:07 INFO  Log:26 - Login is successful
2019-07-15 10:39:10 INFO  Log:26 - Employee List Module is opened
2019-07-15 10:39:10 INFO  Log:26 - empname is provided
2019-07-15 10:39:10 INFO  Log:26 - empid  is provided
2019-07-15 10:39:10 INFO  Log:26 - supervisor name is provided
2019-07-15 10:39:11 INFO  Log:26 - Search Button is clicked
2019-07-15 10:39:11 INFO  Log:26 - validation is done
2019-07-15 10:39:11 INFO  Log:26 - Test case: tc_021_validateSearch_ValidEmpName_InvalidEmpId_ValidSupervisorNameis completed
2019-07-15 10:39:11 INFO  Log:26 - browser is closed
2019-07-15 10:39:11 INFO  Log:26 - test case ended
2019-07-15 10:39:11 INFO  Log:26 - test case started
2019-07-15 10:39:13 INFO  Log:26 - browser is launched
2019-07-15 10:39:15 INFO  Log:26 - tc_022_validateSearch_NoInputis started
2019-07-15 10:39:15 INFO  Log:26 - OrangeHrm application is opened
2019-07-15 10:39:19 INFO  Log:26 - Login credentails are provided
2019-07-15 10:39:21 INFO  Log:26 - Login button was clicked
2019-07-15 10:39:21 INFO  Log:26 - Login is successful
2019-07-15 10:39:23 INFO  Log:26 - Employee List Module is opened
2019-07-15 10:39:24 INFO  Log:26 - Search Button is clicked
2019-07-15 10:39:24 INFO  Log:26 - Test case: tc_022_validateSearch_NoInputis completed
2019-07-15 10:39:24 INFO  Log:26 - browser is closed
2019-07-15 10:39:24 INFO  Log:26 - test case ended
2019-07-15 10:39:24 INFO  Log:26 - test case started
2019-07-15 10:39:26 INFO  Log:26 - browser is launched
2019-07-15 10:39:27 INFO  Log:26 - tc_023_ValidateAddEmployee_Pageis started
2019-07-15 10:39:27 INFO  Log:26 - OrangeHrm application is opened
2019-07-15 10:39:32 INFO  Log:26 - Login credentails are provided
2019-07-15 10:39:33 INFO  Log:26 - Login button was clicked
2019-07-15 10:39:33 INFO  Log:26 - Login is successful
2019-07-15 10:39:36 INFO  Log:26 - Employee List Module is opened
2019-07-15 10:39:36 INFO  Log:26 - Add Button is clicked
2019-07-15 10:39:37 INFO  Log:26 - Test case: tc_023_ValidateAddEmployee_Pageis completed
2019-07-15 10:39:37 INFO  Log:26 - browser is closed
2019-07-15 10:39:37 INFO  Log:26 - test case ended
2019-07-15 10:39:37 INFO  Log:26 - test case started
2019-07-15 10:39:39 INFO  Log:26 - browser is launched
2019-07-15 10:39:40 INFO  Log:26 - tc_024_ValidateAddEmployee_WithInputis started
2019-07-15 10:39:40 INFO  Log:26 - OrangeHrm application is opened
2019-07-15 10:39:44 INFO  Log:26 - Login credentails are provided
2019-07-15 10:39:46 INFO  Log:26 - Login button was clicked
2019-07-15 10:39:46 INFO  Log:26 - Login is successful
2019-07-15 10:39:49 INFO  Log:26 - Add Employee Module is opened
2019-07-15 10:39:49 INFO  Log:26 - first name is provided
2019-07-15 10:39:49 INFO  Log:26 - second name is provided
2019-07-15 10:39:49 INFO  Log:26 - empoloyee id is provided
2019-07-15 10:39:51 INFO  Log:26 - Save Button is clicked
2019-07-15 10:39:51 INFO  Log:26 - Test case: tc_024_ValidateAddEmployee_WithInputis completed
2019-07-15 10:39:51 INFO  Log:26 - browser is closed
2019-07-15 10:39:51 INFO  Log:26 - test case ended
2019-07-15 10:39:51 INFO  Log:26 - test case started
2019-07-15 10:39:53 INFO  Log:26 - browser is launched
2019-07-15 10:39:54 INFO  Log:26 - tc_025_ValidateAddEmployee_WithoutInputis started
2019-07-15 10:39:54 INFO  Log:26 - OrangeHrm application is opened
2019-07-15 10:39:59 INFO  Log:26 - Login credentails are provided
2019-07-15 10:40:00 INFO  Log:26 - Login button was clicked
2019-07-15 10:40:00 INFO  Log:26 - Login is successful
2019-07-15 10:40:03 INFO  Log:26 - Add Employee Module is opened
2019-07-15 10:40:03 INFO  Log:26 - Save Button is clicked
2019-07-15 10:40:03 INFO  Log:26 - error message is displayed
2019-07-15 10:40:03 INFO  Log:26 - Test case: tc_025_ValidateAddEmployee_WithoutInputis completed
2019-07-15 10:40:03 INFO  Log:26 - browser is closed
2019-07-15 10:40:03 INFO  Log:26 - test case ended
2019-07-15 10:40:03 INFO  Log:26 - test case started
2019-07-15 10:40:05 INFO  Log:26 - browser is launched
2019-07-15 10:40:06 INFO  Log:26 - tc_026_ValidateAddEmployee_WithCreateLoginCredentailsis started
2019-07-15 10:40:06 INFO  Log:26 - OrangeHrm application is opened
2019-07-15 10:40:11 INFO  Log:26 - Login credentails are provided
2019-07-15 10:40:12 INFO  Log:26 - Login button was clicked
2019-07-15 10:40:12 INFO  Log:26 - Login is successful
2019-07-15 10:40:15 INFO  Log:26 - Add Employee Module is opened
2019-07-15 10:40:15 INFO  Log:26 - first name is provided
2019-07-15 10:40:15 INFO  Log:26 - second name is provided
2019-07-15 10:40:15 INFO  Log:26 - empoloyee id is provided
2019-07-15 10:40:15 INFO  Log:26 -  is clicked
2019-07-15 10:40:16 INFO  Log:26 - navyasritangudu7 is provided
2019-07-15 10:40:16 INFO  Log:26 - Navyasri@711 is provided
2019-07-15 10:40:16 INFO  Log:26 - Navyasri@711 is provided
2019-07-15 10:40:16 INFO  Log:26 - Save Button is clicked
2019-07-15 10:40:16 INFO  Log:26 - Test case: tc_026_ValidateAddEmployee_WithCreateLoginCredentailsis completed
2019-07-15 10:40:16 INFO  Log:26 - browser is closed
2019-07-15 10:40:16 INFO  Log:26 - test case ended
2019-07-15 10:40:16 INFO  Log:26 - test case started
2019-07-15 10:40:18 INFO  Log:26 - browser is launched
2019-07-15 10:40:19 INFO  Log:26 - tc_027_ValidateAddEmployee_WithoutCreateLoginCredentailsis started
2019-07-15 10:40:19 INFO  Log:26 - OrangeHrm application is opened
2019-07-15 10:40:24 INFO  Log:26 - Login credentails are provided
2019-07-15 10:40:25 INFO  Log:26 - Login button was clicked
2019-07-15 10:40:25 INFO  Log:26 - Login is successful
2019-07-15 10:40:28 INFO  Log:26 - Add Employee Module is opened
2019-07-15 10:40:28 INFO  Log:26 - first name is provided
2019-07-15 10:40:28 INFO  Log:26 - second name is provided
2019-07-15 10:40:28 INFO  Log:26 - empoloyee id is provided
2019-07-15 10:40:28 INFO  Log:26 -  is clicked
2019-07-15 10:40:28 INFO  Log:26 - Save Button is clicked
2019-07-15 10:40:28 INFO  Log:26 - error message is displayed
2019-07-15 10:40:28 INFO  Log:26 - Test case: tc_027_ValidateAddEmployee_WithoutCreateLoginCredentailsis completed
2019-07-15 10:40:28 INFO  Log:26 - browser is closed
2019-07-15 10:40:28 INFO  Log:26 - test case ended
2019-07-15 10:40:29 INFO  Log:26 - test case started
2019-07-15 10:40:31 INFO  Log:26 - browser is launched
2019-07-15 10:40:32 INFO  Log:26 - tc_028_ValidateAddEmployee_WithInvalidCreateLoginCredentailsis started
2019-07-15 10:40:32 INFO  Log:26 - OrangeHrm application is opened
2019-07-15 10:40:36 INFO  Log:26 - Login credentails are provided
2019-07-15 10:40:38 INFO  Log:26 - Login button was clicked
2019-07-15 10:40:38 INFO  Log:26 - Login is successful
2019-07-15 10:40:41 INFO  Log:26 - Add Employee Module is opened
2019-07-15 10:40:41 INFO  Log:26 - first name is provided
2019-07-15 10:40:41 INFO  Log:26 - second name is provided
2019-07-15 10:40:41 INFO  Log:26 - empoloyee id is provided
2019-07-15 10:40:41 INFO  Log:26 -  is clicked
2019-07-15 10:40:41 INFO  Log:26 - navyasritangudu7 is provided
2019-07-15 10:40:41 INFO  Log:26 - Navyasri@711 is provided
2019-07-15 10:40:41 INFO  Log:26 - Navyasri@712 is provided
2019-07-15 10:40:41 INFO  Log:26 - Save Button is clicked
2019-07-15 10:40:41 INFO  Log:26 - error message is displayed
2019-07-15 10:40:41 INFO  Log:26 - Test case: tc_028_ValidateAddEmployee_WithInvalidCreateLoginCredentailsis completed
2019-07-15 10:40:41 INFO  Log:26 - browser is closed
2019-07-15 10:40:41 INFO  Log:26 - test case ended
2019-07-15 10:40:42 INFO  Log:26 - test case started
2019-07-15 10:40:44 INFO  Log:26 - browser is launched
2019-07-15 10:40:45 INFO  Log:26 - tc_029_ValidateAddEmployee_Without_usernameInCreateLoginCredentailsis started
2019-07-15 10:40:45 INFO  Log:26 - OrangeHrm application is opened
2019-07-15 10:40:49 INFO  Log:26 - Login credentails are provided
2019-07-15 10:40:51 INFO  Log:26 - Login button was clicked
2019-07-15 10:40:51 INFO  Log:26 - Login is successful
2019-07-15 10:40:53 INFO  Log:26 - Add Employee Module is opened
2019-07-15 10:40:54 INFO  Log:26 - first name is provided
2019-07-15 10:40:54 INFO  Log:26 - second name is provided
2019-07-15 10:40:54 INFO  Log:26 - empoloyee id is provided
2019-07-15 10:40:54 INFO  Log:26 -  is clicked
2019-07-15 10:40:54 INFO  Log:26 - Navyasri@711 is provided
2019-07-15 10:40:54 INFO  Log:26 - Navyasri@712 is provided
2019-07-15 10:40:54 INFO  Log:26 - Save Button is clicked
2019-07-15 10:40:54 INFO  Log:26 - error message is displayed
2019-07-15 10:40:54 INFO  Log:26 - Test case: tc_029_ValidateAddEmployee_Without_usernameInCreateLoginCredentailsis completed
2019-07-15 10:40:54 INFO  Log:26 - browser is closed
2019-07-15 10:40:54 INFO  Log:26 - test case ended
2019-07-15 10:40:54 INFO  Log:26 - test case started
2019-07-15 10:40:57 INFO  Log:26 - browser is launched
2019-07-15 10:40:58 INFO  Log:26 - tc_030_ValidateAddEmployee_With_RepeatedUsernameInCreateLoginCredentailsis started
2019-07-15 10:40:58 INFO  Log:26 - OrangeHrm application is opened
2019-07-15 10:41:02 INFO  Log:26 - Login credentails are provided
2019-07-15 10:41:04 INFO  Log:26 - Login button was clicked
2019-07-15 10:41:04 INFO  Log:26 - Login is successful
2019-07-15 10:41:06 INFO  Log:26 - Add Employee Module is opened
2019-07-15 10:41:06 INFO  Log:26 - first name is provided
2019-07-15 10:41:06 INFO  Log:26 - second name is provided
2019-07-15 10:41:06 INFO  Log:26 - empoloyee id is provided
2019-07-15 10:41:06 INFO  Log:26 -  is clicked
2019-07-15 10:41:07 INFO  Log:26 - navyasritangudu7 is provided
2019-07-15 10:41:07 INFO  Log:26 - Navyasri@711 is provided
2019-07-15 10:41:07 INFO  Log:26 - Navyasri@711 is provided
2019-07-15 10:41:07 INFO  Log:26 - Save Button is clicked
2019-07-15 10:41:07 INFO  Log:26 - Test case: tc_030_ValidateAddEmployee_With_RepeatedUsernameInCreateLoginCredentailsis completed
2019-07-15 10:41:07 INFO  Log:26 - browser is closed
2019-07-15 10:41:07 INFO  Log:26 - test case ended
